C:\USERS\STUDENT\DOWNLOADS\INTRODUCTIONTOOPERATINGSYSTEMS_EX4-MASTER\INTRODUCTIONTOOPERATINGSYSTEMS_EX4-MASTER\SERVER\DEBUG\SERVER.EXE
C:\Users\Student\Downloads\IntroductionToOperatingSystems_ex4-master\IntroductionToOperatingSystems_ex4-master\server\Debug\server.pdb
C:\Users\Student\Downloads\IntroductionToOperatingSystems_ex4-master\IntroductionToOperatingSystems_ex4-master\server\server\Debug\cl.command.1.tlog
C:\Users\Student\Downloads\IntroductionToOperatingSystems_ex4-master\IntroductionToOperatingSystems_ex4-master\server\server\Debug\CL.read.1.tlog
C:\Users\Student\Downloads\IntroductionToOperatingSystems_ex4-master\IntroductionToOperatingSystems_ex4-master\server\server\Debug\CL.write.1.tlog
C:\Users\Student\Downloads\IntroductionToOperatingSystems_ex4-master\IntroductionToOperatingSystems_ex4-master\server\server\Debug\link.command.1.tlog
C:\Users\Student\Downloads\IntroductionToOperatingSystems_ex4-master\IntroductionToOperatingSystems_ex4-master\server\server\Debug\link.read.1.tlog
C:\Users\Student\Downloads\IntroductionToOperatingSystems_ex4-master\IntroductionToOperatingSystems_ex4-master\server\server\Debug\link.write.1.tlog
C:\USERS\STUDENT\DOWNLOADS\INTRODUCTIONTOOPERATINGSYSTEMS_EX4-MASTER\INTRODUCTIONTOOPERATINGSYSTEMS_EX4-MASTER\SERVER\SERVER\DEBUG\LIST.OBJ
C:\USERS\STUDENT\DOWNLOADS\INTRODUCTIONTOOPERATINGSYSTEMS_EX4-MASTER\INTRODUCTIONTOOPERATINGSYSTEMS_EX4-MASTER\SERVER\SERVER\DEBUG\MAIN.OBJ
C:\Users\Student\Downloads\IntroductionToOperatingSystems_ex4-master\IntroductionToOperatingSystems_ex4-master\server\server\Debug\mt.command.1.tlog
C:\Users\Student\Downloads\IntroductionToOperatingSystems_ex4-master\IntroductionToOperatingSystems_ex4-master\server\server\Debug\mt.read.1.tlog
C:\Users\Student\Downloads\IntroductionToOperatingSystems_ex4-master\IntroductionToOperatingSystems_ex4-master\server\server\Debug\mt.write.1.tlog
C:\Users\Student\Downloads\IntroductionToOperatingSystems_ex4-master\IntroductionToOperatingSystems_ex4-master\server\server\Debug\server.exe.intermediate.manifest
C:\USERS\STUDENT\DOWNLOADS\INTRODUCTIONTOOPERATINGSYSTEMS_EX4-MASTER\INTRODUCTIONTOOPERATINGSYSTEMS_EX4-MASTER\SERVER\SERVER\DEBUG\SERVER.OBJ
C:\Users\Student\Downloads\IntroductionToOperatingSystems_ex4-master\IntroductionToOperatingSystems_ex4-master\server\server\Debug\server.vcxprojResolveAssemblyReference.cache
C:\Users\Student\Downloads\IntroductionToOperatingSystems_ex4-master\IntroductionToOperatingSystems_ex4-master\server\server\Debug\server.write.1.tlog
C:\USERS\STUDENT\DOWNLOADS\INTRODUCTIONTOOPERATINGSYSTEMS_EX4-MASTER\INTRODUCTIONTOOPERATINGSYSTEMS_EX4-MASTER\SERVER\SERVER\DEBUG\SOCKETSENDRECVTOOLS.OBJ
C:\USERS\STUDENT\DOWNLOADS\INTRODUCTIONTOOPERATINGSYSTEMS_EX4-MASTER\INTRODUCTIONTOOPERATINGSYSTEMS_EX4-MASTER\SERVER\SERVER\DEBUG\UTILS.OBJ
C:\Users\Student\Downloads\IntroductionToOperatingSystems_ex4-master\IntroductionToOperatingSystems_ex4-master\server\server\Debug\vc100.idb
C:\USERS\STUDENT\DOWNLOADS\INTRODUCTIONTOOPERATINGSYSTEMS_EX4-MASTER\INTRODUCTIONTOOPERATINGSYSTEMS_EX4-MASTER\SERVER\SERVER\DEBUG\VC100.PDB
